[2023-07-24 12:48:47.239] [error] Error: Cannot start a HubConnection that is not in the 'Disconnected' state.
    at G._startWithStateTransitions (file:///usr/lib/bitwarden/app.asar/app/vendor.js:2:61054)
    at G.start (file:///usr/lib/bitwarden/app.asar/app/vendor.js:2:60907)
    at useClass.<anonymous> (file:///usr/lib/bitwarden/app.asar/app/main.js:1:539295)
    at Generator.next (<anonymous>)
    at r (file:///usr/lib/bitwarden/app.asar/app/main.js:1:350371)
    at c.invoke (file:///usr/lib/bitwarden/app.asar/app/vendor.js:2:791744)
    at Object.onInvoke (file:///usr/lib/bitwarden/app.asar/app/vendor.js:2:2169654)
    at c.invoke (file:///usr/lib/bitwarden/app.asar/app/vendor.js:2:791684)
    at o.run (file:///usr/lib/bitwarden/app.asar/app/vendor.js:2:787122)
    at file:///usr/lib/bitwarden/app.asar/app/vendor.js:2:802099
[2023-07-24 12:48:47.271] [error] Error: Cannot start a HubConnection that is not in the 'Disconnected' state.
    at G._startWithStateTransitions (file:///usr/lib/bitwarden/app.asar/app/vendor.js:2:61054)
    at G.start (file:///usr/lib/bitwarden/app.asar/app/vendor.js:2:60907)
    at useClass.<anonymous> (file:///usr/lib/bitwarden/app.asar/app/main.js:1:539295)
    at Generator.next (<anonymous>)
    at r (file:///usr/lib/bitwarden/app.asar/app/main.js:1:350371)
    at c.invoke (file:///usr/lib/bitwarden/app.asar/app/vendor.js:2:791744)
    at Object.onInvoke (file:///usr/lib/bitwarden/app.asar/app/vendor.js:2:2169654)
    at c.invoke (file:///usr/lib/bitwarden/app.asar/app/vendor.js:2:791684)
    at o.run (file:///usr/lib/bitwarden/app.asar/app/vendor.js:2:787122)
    at file:///usr/lib/bitwarden/app.asar/app/vendor.js:2:802099
[2023-07-24 12:48:47.451] [info]  Finished search indexing
[2023-07-24 12:48:48.124] [info]  Finished search indexing
[2023-07-24 13:03:48.086] [info]  Finished search indexing
[2023-07-24 16:22:06.700] [info]  Finished search indexing
[2023-07-27 14:47:35.834] [info]  Finished search indexing
[2023-08-22 09:05:17.296] [info]  Finished search indexing
